<?xml version="1.0" encoding="UTF-8"?>
<!-- Generated by org.testng.reporters.JUnitReportReporter -->
<testsuite hostname="PAVANKUMAR" failures="0" tests="1" name="practice.noonLearn" time="23.457" errors="0" timestamp="2023-02-27T14:21:09 IST" skipped="0">
  <testcase classname="practice.noonLearn" name="windowhandle" time="23.457"/>
  <system-out/>
</testsuite> <!-- practice.noonLearn -->
