<?xml version="1.0" encoding="UTF-8"?>
<!-- Generated by org.testng.reporters.JUnitReportReporter -->
<testsuite hostname="PAVANKUMAR" failures="0" tests="4" name="hRm.CorporateTests.CreateMultipleCorporates" time="16.868" errors="0" timestamp="2023-01-17T15:07:56 IST" skipped="0">
  <testcase classname="hRm.CorporateTests.CreateMultipleCorporates" name="createMultipleCor" time="3.983"/>
  <system-out/>
  <testcase classname="hRm.CorporateTests.CreateMultipleCorporates" name="createMultipleCor" time="3.909"/>
  <system-out/>
  <testcase classname="hRm.CorporateTests.CreateMultipleCorporates" name="createMultipleCor" time="4.055"/>
  <system-out/>
  <testcase classname="hRm.CorporateTests.CreateMultipleCorporates" name="createMultipleCor" time="4.921"/>
  <system-out/>
</testsuite> <!-- hRm.CorporateTests.CreateMultipleCorporates -->
