<?xml version="1.0" encoding="UTF-8"?>
<!-- Generated by org.testng.reporters.JUnitReportReporter -->
<testsuite hostname="PAVANKUMAR" failures="0" tests="1" name="practice.JavaScriptPract" time="19.170" errors="0" timestamp="2023-03-09T20:33:04 IST" skipped="0">
  <testcase classname="practice.JavaScriptPract" name="javaScriptExe" time="19.170"/>
  <system-out/>
</testsuite> <!-- practice.JavaScriptPract -->
