<?xml version="1.0" encoding="UTF-8"?>
<!-- Generated by org.testng.reporters.JUnitReportReporter -->
<testsuite hostname="PAVANKUMAR" failures="0" tests="1" name="hRm.CorporateTests.DeleteData1" time="6.586" errors="0" timestamp="2023-01-11T16:47:16 IST" skipped="0">
  <testcase classname="hRm.CorporateTests.DeleteData1" name="deleteDataOneByOne" time="6.586"/>
  <system-out/>
</testsuite> <!-- hRm.CorporateTests.DeleteData1 -->
