<?xml version="1.0" encoding="UTF-8"?>
<!-- Generated by org.testng.reporters.JUnitReportReporter -->
<testsuite hostname="PAVANKUMAR" failures="0" tests="1" name="practice.ExtentReports" time="0.035" errors="0" timestamp="2023-02-21T11:57:43 IST" skipped="0">
  <testcase classname="practice.ExtentReports" name="extentReport" time="0.035"/>
  <system-out/>
</testsuite> <!-- practice.ExtentReports -->
