<?xml version="1.0" encoding="UTF-8"?>
<!-- Generated by org.testng.reporters.JUnitReportReporter -->
<testsuite hostname="PAVANKUMAR" failures="0" tests="4" name="hRm.CorporateTests.CreateMultipleCorporates" time="18.621" errors="0" timestamp="2023-01-06T12:20:42 IST" skipped="0">
  <testcase classname="hRm.CorporateTests.CreateMultipleCorporates" name="createMultipleCor" time="4.289"/>
  <system-out/>
  <testcase classname="hRm.CorporateTests.CreateMultipleCorporates" name="createMultipleCor" time="5.236"/>
  <system-out/>
  <testcase classname="hRm.CorporateTests.CreateMultipleCorporates" name="createMultipleCor" time="4.665"/>
  <system-out/>
  <testcase classname="hRm.CorporateTests.CreateMultipleCorporates" name="createMultipleCor" time="4.431"/>
  <system-out/>
</testsuite> <!-- hRm.CorporateTests.CreateMultipleCorporates -->
