<?xml version="1.0" encoding="UTF-8"?>
<!-- Generated by org.testng.reporters.JUnitReportReporter -->
<testsuite hostname="PAVANKUMAR" failures="0" tests="1" name="practice.FbalignmentCheck" time="12.742" errors="0" timestamp="2023-03-09T22:10:37 IST" skipped="0">
  <testcase classname="practice.FbalignmentCheck" name="alignmentCheck" time="12.742"/>
  <system-out/>
</testsuite> <!-- practice.FbalignmentCheck -->
