<?xml version="1.0" encoding="UTF-8"?>
<!-- Generated by org.testng.reporters.JUnitReportReporter -->
<testsuite hostname="PAVANKUMAR" failures="0" tests="1" name="practice.RelativeLocators" time="11.905" errors="0" timestamp="2023-03-11T15:48:02 IST" skipped="0">
  <testcase classname="practice.RelativeLocators" name="relativeLocator" time="11.905"/>
  <system-out/>
</testsuite> <!-- practice.RelativeLocators -->
