<?xml version="1.0" encoding="UTF-8"?>
<!-- Generated by org.testng.reporters.JUnitReportReporter -->
<testsuite hostname="PAVANKUMAR" failures="0" tests="1" name="hRm.EmployeeTests.CreateEmployeeTest" time="22.928" errors="0" timestamp="2023-01-09T11:13:11 IST" skipped="0">
  <testcase classname="hRm.EmployeeTests.CreateEmployeeTest" name="createNewEmployeeTest" time="22.928"/>
  <system-out/>
</testsuite> <!-- hRm.EmployeeTests.CreateEmployeeTest -->
