<?xml version="1.0" encoding="UTF-8"?>
<!-- Generated by org.testng.reporters.JUnitReportReporter -->
<testsuite hostname="PAVANKUMAR" failures="0" tests="1" name="hRm.HrOfficer.CreateNewEmployeeAsHrOff" time="24.518" errors="0" timestamp="2023-01-04T13:01:29 IST" skipped="0">
  <testcase classname="hRm.HrOfficer.CreateNewEmployeeAsHrOff" name="createNewEmployee" time="24.518"/>
  <system-out/>
</testsuite> <!-- hRm.HrOfficer.CreateNewEmployeeAsHrOff -->
