<?xml version="1.0" encoding="UTF-8"?>
<!-- Generated by org.testng.reporters.JUnitReportReporter -->
<testsuite hostname="PAVANKUMAR" failures="0" tests="7" name="hRm.CorporateTests.CreateMultipleCorporates" time="24.506" errors="0" timestamp="2023-01-10T09:47:46 IST" skipped="0">
  <testcase classname="hRm.CorporateTests.CreateMultipleCorporates" name="pavan1" time="0.002"/>
  <system-out/>
  <testcase classname="hRm.CorporateTests.CreateMultipleCorporates" name="pavan1" time="0.004"/>
  <system-out/>
  <testcase classname="hRm.CorporateTests.CreateMultipleCorporates" name="createMultipleCor" time="7.513"/>
  <system-out/>
  <testcase classname="hRm.CorporateTests.CreateMultipleCorporates" name="createMultipleCor" time="6.033"/>
  <system-out/>
  <testcase classname="hRm.CorporateTests.CreateMultipleCorporates" name="createMultipleCor" time="4.969"/>
  <system-out/>
  <testcase classname="hRm.CorporateTests.CreateMultipleCorporates" name="readData2" time="0.082"/>
  <system-out/>
  <testcase classname="hRm.CorporateTests.CreateMultipleCorporates" name="createMultipleCor" time="5.903"/>
  <system-out/>
</testsuite> <!-- hRm.CorporateTests.CreateMultipleCorporates -->
