<?xml version="1.0" encoding="UTF-8"?>
<!-- Generated by org.testng.reporters.JUnitReportReporter -->
<testsuite hostname="PAVANKUMAR" failures="0" tests="6" name="hRm.BranchTests.CreateMultipleBranchesTest" time="10.484" errors="0" timestamp="2023-01-09T12:33:31 IST" skipped="0">
  <testcase classname="hRm.BranchTests.CreateMultipleBranchesTest" name="createNewBranch" time="1.634"/>
  <system-out/>
  <testcase classname="hRm.BranchTests.CreateMultipleBranchesTest" name="createNewBranch" time="1.897"/>
  <system-out/>
  <testcase classname="hRm.BranchTests.CreateMultipleBranchesTest" name="createNewBranch" time="1.634"/>
  <system-out/>
  <testcase classname="hRm.BranchTests.CreateMultipleBranchesTest" name="createNewBranch" time="1.966"/>
  <system-out/>
  <testcase classname="hRm.BranchTests.CreateMultipleBranchesTest" name="createNewBranch" time="1.539"/>
  <system-out/>
  <testcase classname="hRm.BranchTests.CreateMultipleBranchesTest" name="createNewBranch" time="1.814"/>
  <system-out/>
</testsuite> <!-- hRm.BranchTests.CreateMultipleBranchesTest -->
