<?xml version="1.0" encoding="UTF-8"?>
<!-- Generated by org.testng.reporters.JUnitReportReporter -->
<testsuite hostname="PAVANKUMAR" failures="0" tests="1" name="hRm.EmployeeTests.DeleteEmployeesDataTest" time="7.913" errors="0" timestamp="2023-01-11T16:36:05 IST" skipped="0">
  <testcase classname="hRm.EmployeeTests.DeleteEmployeesDataTest" name="clickOnDeleteLookUpImageAndDeleteOneByOne" time="7.913"/>
  <system-out>
    <![CDATA[Delete Successfully!!!
Delete Successfully!!!
Delete Successfully!!!
Delete Successfully!!!
Delete Successfully!!!
Delete Successfully!!!
Delete Successfully!!!]]>
  </system-out>
</testsuite> <!-- hRm.EmployeeTests.DeleteEmployeesDataTest -->
