<?xml version="1.0" encoding="UTF-8"?>
<!-- Generated by org.testng.reporters.JUnitReportReporter -->
<testsuite hostname="PAVANKUMAR" failures="0" tests="1" name="hRm.HrAssistant.DeleteDataOneByOne" time="1.722" errors="0" timestamp="2023-01-17T15:02:04 IST" skipped="0">
  <testcase classname="hRm.HrAssistant.DeleteDataOneByOne" name="clickOnDeleteLookUpImageAndDeleteOneByOne" time="1.722"/>
  <system-out/>
</testsuite> <!-- hRm.HrAssistant.DeleteDataOneByOne -->
