<?xml version="1.0" encoding="UTF-8"?>
<!-- Generated by org.testng.reporters.JUnitReportReporter -->
<testsuite hostname="PAVANKUMAR" failures="0" tests="1" name="hRm.BranchTests.PrintAllTheData" time="2.116" errors="0" timestamp="2023-01-11T17:03:26 IST" skipped="0">
  <testcase classname="hRm.BranchTests.PrintAllTheData" name="printAllData" time="2.116"/>
  <system-out/>
</testsuite> <!-- hRm.BranchTests.PrintAllTheData -->
