<?xml version="1.0" encoding="UTF-8"?>
<!-- Generated by org.testng.reporters.JUnitReportReporter -->
<testsuite hostname="PAVANKUMAR" failures="0" tests="1" name="hRm.AdminTests.CreateAdmin" time="8.476" errors="0" timestamp="2023-01-04T12:32:48 IST" skipped="0">
  <testcase classname="hRm.AdminTests.CreateAdmin" name="createAdmin" time="8.476"/>
  <system-out/>
</testsuite> <!-- hRm.AdminTests.CreateAdmin -->
