<?xml version="1.0" encoding="UTF-8"?>
<!-- Generated by org.testng.reporters.JUnitReportReporter -->
<testsuite hostname="PAVANKUMAR" failures="0" tests="1" name="practice.ReadDataFromCmd" time="5.783" errors="0" timestamp="2023-03-11T19:47:39 IST" skipped="0">
  <testcase classname="practice.ReadDataFromCmd" name="readDataFrom" time="5.783"/>
  <system-out/>
</testsuite> <!-- practice.ReadDataFromCmd -->
