<?xml version="1.0" encoding="UTF-8"?>
<!-- Generated by org.testng.reporters.JUnitReportReporter -->
<testsuite hostname="PAVANKUMAR" failures="0" tests="6" name="hRm.BranchTests.CreateMultipleBranchesTest" time="11.988" errors="0" timestamp="2023-01-10T14:31:13 IST" skipped="0">
  <testcase classname="hRm.BranchTests.CreateMultipleBranchesTest" name="createNewBranch" time="2.037"/>
  <system-out/>
  <testcase classname="hRm.BranchTests.CreateMultipleBranchesTest" name="createNewBranch" time="2.018"/>
  <system-out/>
  <testcase classname="hRm.BranchTests.CreateMultipleBranchesTest" name="createNewBranch" time="2.119"/>
  <system-out/>
  <testcase classname="hRm.BranchTests.CreateMultipleBranchesTest" name="createNewBranch" time="1.972"/>
  <system-out/>
  <testcase classname="hRm.BranchTests.CreateMultipleBranchesTest" name="createNewBranch" time="2.003"/>
  <system-out/>
  <testcase classname="hRm.BranchTests.CreateMultipleBranchesTest" name="createNewBranch" time="1.839"/>
  <system-out/>
</testsuite> <!-- hRm.BranchTests.CreateMultipleBranchesTest -->
