<?xml version="1.0" encoding="UTF-8"?>
<!-- Generated by org.testng.reporters.JUnitReportReporter -->
<testsuite hostname="PAVANKUMAR" failures="0" tests="1" name="hRm.EmployeeTests.CreateMultipleEmployeesTest" time="0.000" errors="0" timestamp="2023-01-17T16:04:13 IST" skipped="1">
  <testcase classname="hRm.EmployeeTests.CreateMultipleEmployeesTest" name="createMultipleEmployee" time="0.000">
    <skipped/>
  </testcase> <!-- createMultipleEmployee -->
  <system-out/>
</testsuite> <!-- hRm.EmployeeTests.CreateMultipleEmployeesTest -->
