<?xml version="1.0" encoding="UTF-8"?>
<!-- Generated by org.testng.reporters.JUnitReportReporter -->
<testsuite hostname="PAVANKUMAR" failures="0" tests="6" name="hRm.BranchTests.CreateMultipleBranches" time="61.641" errors="0" timestamp="2023-01-09T11:10:36 IST" skipped="0">
  <testcase classname="hRm.BranchTests.CreateMultipleBranches" name="createNewBranch" time="8.613"/>
  <system-out/>
  <testcase classname="hRm.BranchTests.CreateMultipleBranches" name="createNewBranch" time="5.478"/>
  <system-out/>
  <testcase classname="hRm.BranchTests.CreateMultipleBranches" name="createNewBranch" time="25.483"/>
  <system-out/>
  <testcase classname="hRm.BranchTests.CreateMultipleBranches" name="createNewBranch" time="9.501"/>
  <system-out/>
  <testcase classname="hRm.BranchTests.CreateMultipleBranches" name="createNewBranch" time="6.068"/>
  <system-out/>
  <testcase classname="hRm.BranchTests.CreateMultipleBranches" name="createNewBranch" time="6.498"/>
  <system-out/>
</testsuite> <!-- hRm.BranchTests.CreateMultipleBranches -->
