<?xml version="1.0" encoding="UTF-8"?>
<!-- Generated by org.testng.reporters.JUnitReportReporter -->
<testsuite hostname="PAVANKUMAR" failures="0" tests="1" name="hRm.HrAsst.CreateEmployeeAsHrAsst" time="26.396" errors="0" timestamp="2023-01-05T14:44:18 IST" skipped="0">
  <testcase classname="hRm.HrAsst.CreateEmployeeAsHrAsst" name="createNewEmployee" time="26.396"/>
  <system-out/>
</testsuite> <!-- hRm.HrAsst.CreateEmployeeAsHrAsst -->
