<?xml version="1.0" encoding="UTF-8"?>
<!-- Generated by org.testng.reporters.JUnitReportReporter -->
<testsuite hostname="PAVANKUMAR" failures="0" tests="1" name="practice.ShadowDom" time="11.845" errors="0" timestamp="2023-03-04T22:56:16 IST" skipped="0">
  <testcase classname="practice.ShadowDom" name="shadowDom" time="11.845"/>
  <system-out/>
</testsuite> <!-- practice.ShadowDom -->
