<?xml version="1.0" encoding="UTF-8"?>
<!-- Generated by org.testng.reporters.JUnitReportReporter -->
<testsuite hostname="PAVANKUMAR" failures="0" tests="1" name="hRm.HrAssistant.CreateNewEmployeeAsHrAsst" time="29.085" errors="0" timestamp="2023-01-04T13:05:04 IST" skipped="0">
  <testcase classname="hRm.HrAssistant.CreateNewEmployeeAsHrAsst" name="createNewEmployee" time="29.085"/>
  <system-out/>
</testsuite> <!-- hRm.HrAssistant.CreateNewEmployeeAsHrAsst -->
