<?xml version="1.0" encoding="UTF-8"?>
<!-- Generated by org.testng.reporters.JUnitReportReporter -->
<testsuite hostname="PAVANKUMAR" failures="0" tests="1" name="hRm.HrOfficer.DeleteDataOneByOne" time="3.477" errors="0" timestamp="2023-01-11T11:32:36 IST" skipped="0">
  <testcase classname="hRm.HrOfficer.DeleteDataOneByOne" name="clickOnDeleteLookUpImageAndDeleteOneByOne" time="3.477"/>
  <system-out>
    <![CDATA[Delete Successfully!!!
Delete Successfully!!!]]>
  </system-out>
</testsuite> <!-- hRm.HrOfficer.DeleteDataOneByOne -->
