<?xml version="1.0" encoding="UTF-8"?>
<!-- Generated by org.testng.reporters.JUnitReportReporter -->
<testsuite hostname="PAVANKUMAR" failures="0" tests="1" name="hRm.EmployeeTests.CreateEmployeeTest" time="22.891" errors="0" timestamp="2023-01-10T09:49:38 IST" skipped="0">
  <testcase classname="hRm.EmployeeTests.CreateEmployeeTest" name="createNewEmployeeTest" time="22.891"/>
  <system-out>
    <![CDATA[Insert Successfully!!!]]>
  </system-out>
</testsuite> <!-- hRm.EmployeeTests.CreateEmployeeTest -->
