<?xml version="1.0" encoding="UTF-8"?>
<!-- Generated by org.testng.reporters.JUnitReportReporter -->
<testsuite hostname="PAVANKUMAR" failures="0" tests="7" name="hRm.CorporateTests.CreateMultipleCorporates" time="28.709" errors="0" timestamp="2023-01-10T09:49:38 IST" skipped="0">
  <testcase classname="hRm.CorporateTests.CreateMultipleCorporates" name="createMultipleCor" time="7.299"/>
  <system-out/>
  <testcase classname="hRm.CorporateTests.CreateMultipleCorporates" name="pavan1" time="0.000"/>
  <system-out/>
  <testcase classname="hRm.CorporateTests.CreateMultipleCorporates" name="readData2" time="0.086"/>
  <system-out/>
  <testcase classname="hRm.CorporateTests.CreateMultipleCorporates" name="pavan1" time="0.000"/>
  <system-out/>
  <testcase classname="hRm.CorporateTests.CreateMultipleCorporates" name="createMultipleCor" time="7.423"/>
  <system-out/>
  <testcase classname="hRm.CorporateTests.CreateMultipleCorporates" name="createMultipleCor" time="6.069"/>
  <system-out/>
  <testcase classname="hRm.CorporateTests.CreateMultipleCorporates" name="createMultipleCor" time="7.832"/>
  <system-out/>
</testsuite> <!-- hRm.CorporateTests.CreateMultipleCorporates -->
